<?xml version="1.0" encoding="UTF-8"?>
<!-- Generated by org.testng.reporters.JUnitReportReporter -->
<testsuite hostname="RAMESH" failures="0" tests="1" name="Automation.demo.LoginPage" time="7.064" errors="0" timestamp="2025-06-14T11:16:59 IST" skipped="0">
  <testcase classname="Automation.demo.LoginPage" name="Browsersetup" time="7.064"/>
</testsuite> <!-- Automation.demo.LoginPage -->
